sunmi poc/JS_Bridge_Print_Android_Studio_cn/app/build/intermediates/manifest_merge_blame_file/debug/manifest-merger-blame-debug-report.txt
1<?xml version="1.0" encoding="utf-8"?>
2<manifest xmlns:android="http://schemas.android.com/apk/res/android"
3    package="com.xuzh.demowebviewjs"
4    android:versionCode="1"
5    android:versionName="1.0" >
6
7    <uses-sdk
7-->src/main/AndroidManifest.xml:7:5-47
8        android:minSdkVersion="21"
8-->src/main/AndroidManifest.xml:7:5-47
9        android:targetSdkVersion="28" />
9-->src/main/AndroidManifest.xml:7:15-44
10
11    <uses-permission android:name="android.permission.INTERNET" />
11-->src/main/AndroidManifest.xml:9:5-67
11-->src/main/AndroidManifest.xml:9:22-64
12
13    <application
13-->src/main/AndroidManifest.xml:11:5-25:19
14        android:allowBackup="true"
14-->src/main/AndroidManifest.xml:12:9-35
15        android:appComponentFactory="android.support.v4.app.CoreComponentFactory"
15-->[com.android.support:support-compat:28.0.0] AndroidManifest.xml:22:18-91
16        android:debuggable="true"
17        android:icon="@drawable/ic_launcher"
17-->src/main/AndroidManifest.xml:13:9-45
18        android:label="@string/app_name"
18-->src/main/AndroidManifest.xml:14:9-41
19        android:testOnly="true"
20        android:theme="@style/AppTheme" >
20-->src/main/AndroidManifest.xml:15:9-40
21        <activity
21-->src/main/AndroidManifest.xml:16:9-24:20
22            android:name="com.xuzh.demowebviewjs.MainActivity"
22-->src/main/AndroidManifest.xml:17:13-63
23            android:label="@string/app_name" >
23-->src/main/AndroidManifest.xml:18:13-45
24            <intent-filter>
24-->src/main/AndroidManifest.xml:19:13-23:29
25                <action android:name="android.intent.action.MAIN" />
25-->src/main/AndroidManifest.xml:20:17-69
25-->src/main/AndroidManifest.xml:20:25-66
26
27                <category android:name="android.intent.category.LAUNCHER" />
27-->src/main/AndroidManifest.xml:22:17-77
27-->src/main/AndroidManifest.xml:22:27-74
28            </intent-filter>
29        </activity>
30    </application>
31
32</manifest>